2025-09-06 08:01:15,742 - INFO - ============================================================
2025-09-06 08:01:15,743 - INFO - STARTING PIPELINE EXECUTION
2025-09-06 08:01:15,743 - INFO - ============================================================
2025-09-06 08:01:15,743 - INFO - Checking prerequisites...
2025-09-06 08:01:16,057 - INFO - Core dependencies available
2025-09-06 08:01:16,057 - INFO - Prerequisites check passed
2025-09-06 08:01:16,057 - INFO - Running data ingestion...
2025-09-06 08:01:16,497 - ERROR - Data ingestion failed: Traceback (most recent call last):
  File "/home/runner/work/AAAA-LOreal-Datathon-2025/AAAA-LOreal-Datathon-2025/src/ingest_provided_data.py", line 209, in <module>
    main()
  File "/home/runner/work/AAAA-LOreal-Datathon-2025/AAAA-LOreal-Datathon-2025/src/ingest_provided_data.py", line 189, in main
    cat = catalog_files(RAW_DIR)
          ^^^^^^^^^^^^^^^^^^^^^^
  File "/home/runner/work/AAAA-LOreal-Datathon-2025/AAAA-LOreal-Datathon-2025/src/ingest_provided_data.py", line 57, in catalog_files
    return pd.DataFrame(rows).sort_values('relative_path')
           ^^^^^^^^^^^^^^^^^^^^^^^^^^^^^^^^^^^^^^^^^^^^^^^
  File "/home/runner/.local/lib/python3.12/site-packages/pandas/core/frame.py", line 7196, in sort_values
    k = self._get_label_or_level_values(by[0], axis=axis)
        ^^^^^^^^^^^^^^^^^^^^^^^^^^^^^^^^^^^^^^^^^^^^^^^^^
  File "/home/runner/.local/lib/python3.12/site-packages/pandas/core/generic.py", line 1911, in _get_label_or_level_values
    raise KeyError(key)
KeyError: 'relative_path'

2025-09-06 08:01:16,497 - ERROR - Ingestion failed
2025-09-06 08:01:16,497 - INFO - Running data processing and feature engineering...
2025-09-06 08:01:20,836 - INFO - Data processing completed successfully
2025-09-06 08:01:20,836 - INFO - Running modeling pipeline...
2025-09-06 08:01:20,836 - WARNING - Advanced modeling dependencies not available, skipping modeling
2025-09-06 08:01:20,837 - INFO - Found 25 newly generated files
2025-09-06 08:01:20,838 - INFO - Execution report saved: /home/runner/work/AAAA-LOreal-Datathon-2025/AAAA-LOreal-Datathon-2025/data/interim/pipeline_execution_20250906_080115.json
2025-09-06 08:01:20,838 - INFO - ============================================================
2025-09-06 08:01:20,838 - WARNING - PIPELINE EXECUTION COMPLETED WITH ISSUES
2025-09-06 08:01:20,839 - INFO - Generated 25 files
2025-09-06 08:01:20,839 - INFO - Execution time: 5.1 seconds
2025-09-06 08:01:20,839 - INFO - ============================================================
2025-09-06 08:01:57,078 - INFO - ============================================================
2025-09-06 08:01:57,078 - INFO - STARTING PIPELINE EXECUTION
2025-09-06 08:01:57,078 - INFO - ============================================================
2025-09-06 08:01:57,078 - INFO - Checking prerequisites...
2025-09-06 08:01:57,392 - INFO - Core dependencies available
2025-09-06 08:01:57,392 - INFO - Prerequisites check passed
2025-09-06 08:01:57,392 - INFO - Running data ingestion...
2025-09-06 08:01:57,881 - INFO - Data ingestion completed successfully
2025-09-06 08:01:57,881 - INFO - Running data processing and feature engineering...
2025-09-06 08:02:02,254 - INFO - Data processing completed successfully
2025-09-06 08:02:02,254 - INFO - Running modeling pipeline...
2025-09-06 08:02:02,254 - WARNING - Advanced modeling dependencies not available, skipping modeling
2025-09-06 08:02:02,255 - INFO - Found 28 newly generated files
2025-09-06 08:02:02,255 - INFO - Adding generated files to git...
2025-09-06 08:02:02,257 - WARNING - Failed to add /home/runner/work/AAAA-LOreal-Datathon-2025/AAAA-LOreal-Datathon-2025/data/processed/trend_clusters.parquet: The following paths are ignored by one of your .gitignore files:
data/processed
hint: Use -f if you really want to add them.
hint: Disable this message with "git config set advice.addIgnoredFile false"

2025-09-06 08:02:02,259 - WARNING - Failed to add /home/runner/work/AAAA-LOreal-Datathon-2025/AAAA-LOreal-Datathon-2025/data/processed/features_keywords_1m.parquet: The following paths are ignored by one of your .gitignore files:
data/processed
hint: Use -f if you really want to add them.
hint: Disable this message with "git config set advice.addIgnoredFile false"

2025-09-06 08:02:02,260 - WARNING - Failed to add /home/runner/work/AAAA-LOreal-Datathon-2025/AAAA-LOreal-Datathon-2025/data/processed/features_hashtags_1d.parquet: The following paths are ignored by one of your .gitignore files:
data/processed
hint: Use -f if you really want to add them.
hint: Disable this message with "git config set advice.addIgnoredFile false"

2025-09-06 08:02:02,262 - WARNING - Failed to add /home/runner/work/AAAA-LOreal-Datathon-2025/AAAA-LOreal-Datathon-2025/data/processed/features_emerging_terms_6h.parquet: The following paths are ignored by one of your .gitignore files:
data/processed
hint: Use -f if you really want to add them.
hint: Disable this message with "git config set advice.addIgnoredFile false"

2025-09-06 08:02:02,263 - WARNING - Failed to add /home/runner/work/AAAA-LOreal-Datathon-2025/AAAA-LOreal-Datathon-2025/data/processed/features_keywords_3d.parquet: The following paths are ignored by one of your .gitignore files:
data/processed
hint: Use -f if you really want to add them.
hint: Disable this message with "git config set advice.addIgnoredFile false"

2025-09-06 08:02:02,265 - WARNING - Failed to add /home/runner/work/AAAA-LOreal-Datathon-2025/AAAA-LOreal-Datathon-2025/data/processed/features_audio_6h.parquet: The following paths are ignored by one of your .gitignore files:
data/processed
hint: Use -f if you really want to add them.
hint: Disable this message with "git config set advice.addIgnoredFile false"

2025-09-06 08:02:02,267 - WARNING - Failed to add /home/runner/work/AAAA-LOreal-Datathon-2025/AAAA-LOreal-Datathon-2025/data/processed/features_hashtags_6h.parquet: The following paths are ignored by one of your .gitignore files:
data/processed
hint: Use -f if you really want to add them.
hint: Disable this message with "git config set advice.addIgnoredFile false"

2025-09-06 08:02:02,269 - WARNING - Failed to add /home/runner/work/AAAA-LOreal-Datathon-2025/AAAA-LOreal-Datathon-2025/data/processed/features_keywords_3h.parquet: The following paths are ignored by one of your .gitignore files:
data/processed
hint: Use -f if you really want to add them.
hint: Disable this message with "git config set advice.addIgnoredFile false"

2025-09-06 08:02:02,270 - WARNING - Failed to add /home/runner/work/AAAA-LOreal-Datathon-2025/AAAA-LOreal-Datathon-2025/data/processed/dataset_description.parquet: The following paths are ignored by one of your .gitignore files:
data/processed
hint: Use -f if you really want to add them.
hint: Disable this message with "git config set advice.addIgnoredFile false"

2025-09-06 08:02:02,272 - WARNING - Failed to add /home/runner/work/AAAA-LOreal-Datathon-2025/AAAA-LOreal-Datathon-2025/data/processed/features_keywords_6m.parquet: The following paths are ignored by one of your .gitignore files:
data/processed
hint: Use -f if you really want to add them.
hint: Disable this message with "git config set advice.addIgnoredFile false"

2025-09-06 08:02:02,274 - WARNING - Failed to add /home/runner/work/AAAA-LOreal-Datathon-2025/AAAA-LOreal-Datathon-2025/data/processed/features_hashtags_3h.parquet: The following paths are ignored by one of your .gitignore files:
data/processed
hint: Use -f if you really want to add them.
hint: Disable this message with "git config set advice.addIgnoredFile false"

2025-09-06 08:02:02,275 - WARNING - Failed to add /home/runner/work/AAAA-LOreal-Datathon-2025/AAAA-LOreal-Datathon-2025/data/processed/features_keywords_1h.parquet: The following paths are ignored by one of your .gitignore files:
data/processed
hint: Use -f if you really want to add them.
hint: Disable this message with "git config set advice.addIgnoredFile false"

2025-09-06 08:02:02,277 - WARNING - Failed to add /home/runner/work/AAAA-LOreal-Datathon-2025/AAAA-LOreal-Datathon-2025/data/processed/features_keywords_14d.parquet: The following paths are ignored by one of your .gitignore files:
data/processed
hint: Use -f if you really want to add them.
hint: Disable this message with "git config set advice.addIgnoredFile false"

2025-09-06 08:02:02,279 - WARNING - Failed to add /home/runner/work/AAAA-LOreal-Datathon-2025/AAAA-LOreal-Datathon-2025/data/processed/features_keywords_6h.parquet: The following paths are ignored by one of your .gitignore files:
data/processed
hint: Use -f if you really want to add them.
hint: Disable this message with "git config set advice.addIgnoredFile false"

2025-09-06 08:02:02,280 - WARNING - Failed to add /home/runner/work/AAAA-LOreal-Datathon-2025/AAAA-LOreal-Datathon-2025/data/processed/features_hashtags_6m.parquet: The following paths are ignored by one of your .gitignore files:
data/processed
hint: Use -f if you really want to add them.
hint: Disable this message with "git config set advice.addIgnoredFile false"

2025-09-06 08:02:02,282 - WARNING - Failed to add /home/runner/work/AAAA-LOreal-Datathon-2025/AAAA-LOreal-Datathon-2025/data/processed/features_keywords_7d.parquet: The following paths are ignored by one of your .gitignore files:
data/processed
hint: Use -f if you really want to add them.
hint: Disable this message with "git config set advice.addIgnoredFile false"

2025-09-06 08:02:02,283 - WARNING - Failed to add /home/runner/work/AAAA-LOreal-Datathon-2025/AAAA-LOreal-Datathon-2025/data/processed/features_keywords_3m.parquet: The following paths are ignored by one of your .gitignore files:
data/processed
hint: Use -f if you really want to add them.
hint: Disable this message with "git config set advice.addIgnoredFile false"

2025-09-06 08:02:02,285 - WARNING - Failed to add /home/runner/work/AAAA-LOreal-Datathon-2025/AAAA-LOreal-Datathon-2025/data/processed/features_hashtags_14d.parquet: The following paths are ignored by one of your .gitignore files:
data/processed
hint: Use -f if you really want to add them.
hint: Disable this message with "git config set advice.addIgnoredFile false"

2025-09-06 08:02:02,287 - WARNING - Failed to add /home/runner/work/AAAA-LOreal-Datathon-2025/AAAA-LOreal-Datathon-2025/data/processed/features_hashtags_7d.parquet: The following paths are ignored by one of your .gitignore files:
data/processed
hint: Use -f if you really want to add them.
hint: Disable this message with "git config set advice.addIgnoredFile false"

2025-09-06 08:02:02,288 - WARNING - Failed to add /home/runner/work/AAAA-LOreal-Datathon-2025/AAAA-LOreal-Datathon-2025/data/processed/features_hashtags_1m.parquet: The following paths are ignored by one of your .gitignore files:
data/processed
hint: Use -f if you really want to add them.
hint: Disable this message with "git config set advice.addIgnoredFile false"

2025-09-06 08:02:02,290 - WARNING - Failed to add /home/runner/work/AAAA-LOreal-Datathon-2025/AAAA-LOreal-Datathon-2025/data/processed/features_hashtags_3m.parquet: The following paths are ignored by one of your .gitignore files:
data/processed
hint: Use -f if you really want to add them.
hint: Disable this message with "git config set advice.addIgnoredFile false"

2025-09-06 08:02:02,291 - WARNING - Failed to add /home/runner/work/AAAA-LOreal-Datathon-2025/AAAA-LOreal-Datathon-2025/data/processed/features_keywords_1d.parquet: The following paths are ignored by one of your .gitignore files:
data/processed
hint: Use -f if you really want to add them.
hint: Disable this message with "git config set advice.addIgnoredFile false"

2025-09-06 08:02:02,293 - WARNING - Failed to add /home/runner/work/AAAA-LOreal-Datathon-2025/AAAA-LOreal-Datathon-2025/data/processed/features_hashtags_1h.parquet: The following paths are ignored by one of your .gitignore files:
data/processed
hint: Use -f if you really want to add them.
hint: Disable this message with "git config set advice.addIgnoredFile false"

2025-09-06 08:02:02,295 - WARNING - Failed to add /home/runner/work/AAAA-LOreal-Datathon-2025/AAAA-LOreal-Datathon-2025/data/processed/features_hashtags_3d.parquet: The following paths are ignored by one of your .gitignore files:
data/processed
hint: Use -f if you really want to add them.
hint: Disable this message with "git config set advice.addIgnoredFile false"

2025-09-06 08:02:02,296 - WARNING - Failed to add /home/runner/work/AAAA-LOreal-Datathon-2025/AAAA-LOreal-Datathon-2025/data/interim/tabular_profiles.md: The following paths are ignored by one of your .gitignore files:
data/interim
hint: Use -f if you really want to add them.
hint: Disable this message with "git config set advice.addIgnoredFile false"

2025-09-06 08:02:02,298 - WARNING - Failed to add /home/runner/work/AAAA-LOreal-Datathon-2025/AAAA-LOreal-Datathon-2025/data/interim/ingest_report.md: The following paths are ignored by one of your .gitignore files:
data/interim
hint: Use -f if you really want to add them.
hint: Disable this message with "git config set advice.addIgnoredFile false"

2025-09-06 08:02:02,299 - WARNING - Failed to add /home/runner/work/AAAA-LOreal-Datathon-2025/AAAA-LOreal-Datathon-2025/data/interim/phase2_features_report.md: The following paths are ignored by one of your .gitignore files:
data/interim
hint: Use -f if you really want to add them.
hint: Disable this message with "git config set advice.addIgnoredFile false"

2025-09-06 08:02:02,301 - WARNING - Failed to add /home/runner/work/AAAA-LOreal-Datathon-2025/AAAA-LOreal-Datathon-2025/data/interim/phase3_advanced_trends_report.md: The following paths are ignored by one of your .gitignore files:
data/interim
hint: Use -f if you really want to add them.
hint: Disable this message with "git config set advice.addIgnoredFile false"

2025-09-06 08:02:02,303 - WARNING - Git commit had issues: 
2025-09-06 08:02:02,305 - INFO - Execution report saved: /home/runner/work/AAAA-LOreal-Datathon-2025/AAAA-LOreal-Datathon-2025/data/interim/pipeline_execution_20250906_080157.json
2025-09-06 08:02:02,305 - INFO - ============================================================
2025-09-06 08:02:02,305 - INFO - PIPELINE EXECUTION COMPLETED SUCCESSFULLY
2025-09-06 08:02:02,305 - INFO - Generated 28 files
2025-09-06 08:02:02,305 - INFO - Execution time: 5.2 seconds
2025-09-06 08:02:02,305 - INFO - ============================================================
2025-09-06 08:02:51,479 - INFO - ============================================================
2025-09-06 08:02:51,479 - INFO - STARTING PIPELINE EXECUTION
2025-09-06 08:02:51,479 - INFO - ============================================================
2025-09-06 08:02:51,479 - INFO - Checking prerequisites...
2025-09-06 08:02:51,796 - INFO - Core dependencies available
2025-09-06 08:02:51,796 - INFO - Prerequisites check passed
2025-09-06 08:02:51,797 - INFO - Running data ingestion...
2025-09-06 08:02:52,277 - INFO - Data ingestion completed successfully
2025-09-06 08:02:52,278 - INFO - Running data processing and feature engineering...
2025-09-06 08:02:56,650 - INFO - Data processing completed successfully
2025-09-06 08:02:56,650 - INFO - Running modeling pipeline...
2025-09-06 08:02:56,650 - WARNING - Advanced modeling dependencies not available, skipping modeling
2025-09-06 08:02:56,651 - INFO - Found 28 newly generated files
2025-09-06 08:02:56,651 - INFO - Adding generated files to git...
2025-09-06 08:02:56,663 - INFO - Successfully committed changes: Pipeline execution: 28 data files generated, pipeline updates (2025-09-06 08:02:51)
2025-09-06 08:02:56,663 - INFO - Files committed: pipeline_executor.py, test_pipeline.py, execution_summary.json
2025-09-06 08:02:56,664 - INFO - Execution report saved: /home/runner/work/AAAA-LOreal-Datathon-2025/AAAA-LOreal-Datathon-2025/data/interim/pipeline_execution_20250906_080251.json
2025-09-06 08:02:56,664 - INFO - ============================================================
2025-09-06 08:02:56,664 - INFO - PIPELINE EXECUTION COMPLETED SUCCESSFULLY
2025-09-06 08:02:56,664 - INFO - Generated 28 files
2025-09-06 08:02:56,664 - INFO - Execution time: 5.2 seconds
2025-09-06 08:02:56,664 - INFO - ============================================================
2025-09-06 08:03:09,645 - INFO - ============================================================
2025-09-06 08:03:09,645 - INFO - STARTING PIPELINE EXECUTION
2025-09-06 08:03:09,645 - INFO - ============================================================
2025-09-06 08:03:09,645 - INFO - Checking prerequisites...
2025-09-06 08:03:09,959 - INFO - Core dependencies available
2025-09-06 08:03:09,959 - INFO - Prerequisites check passed
2025-09-06 08:03:09,959 - INFO - Running data ingestion...
2025-09-06 08:03:10,450 - INFO - Data ingestion completed successfully
2025-09-06 08:03:10,450 - INFO - Running data processing and feature engineering...
2025-09-06 08:03:12,839 - INFO - Data processing completed successfully
2025-09-06 08:03:12,839 - INFO - Running modeling pipeline...
2025-09-06 08:03:12,839 - WARNING - Advanced modeling dependencies not available, skipping modeling
2025-09-06 08:03:12,840 - INFO - Found 6 newly generated files
2025-09-06 08:03:12,841 - INFO - Execution report saved: /home/runner/work/AAAA-LOreal-Datathon-2025/AAAA-LOreal-Datathon-2025/data/interim/pipeline_execution_20250906_080309.json
2025-09-06 08:03:12,841 - INFO - ============================================================
2025-09-06 08:03:12,841 - INFO - PIPELINE EXECUTION COMPLETED SUCCESSFULLY
2025-09-06 08:03:12,841 - INFO - Generated 6 files
2025-09-06 08:03:12,841 - INFO - Execution time: 3.2 seconds
2025-09-06 08:03:12,841 - INFO - ============================================================
2025-09-06 08:14:03,912 - INFO - ============================================================
2025-09-06 08:14:03,912 - INFO - STARTING PIPELINE EXECUTION
2025-09-06 08:14:03,912 - INFO - ============================================================
2025-09-06 08:14:03,912 - INFO - Checking prerequisites...
2025-09-06 08:14:03,912 - ERROR - Missing required Python package: No module named 'pandas'
2025-09-06 08:14:03,912 - ERROR - Prerequisites check failed
2025-09-06 08:16:54,119 - INFO - ============================================================
2025-09-06 08:16:54,120 - INFO - STARTING PIPELINE EXECUTION
2025-09-06 08:16:54,120 - INFO - ============================================================
2025-09-06 08:16:54,120 - INFO - Checking prerequisites...
2025-09-06 08:16:54,531 - INFO - Core dependencies available
2025-09-06 08:16:54,531 - INFO - Prerequisites check passed
2025-09-06 08:16:54,531 - INFO - Running data ingestion...
2025-09-06 08:16:55,030 - INFO - Data ingestion completed successfully
2025-09-06 08:16:55,030 - INFO - Running data processing and feature engineering...
2025-09-06 08:16:55,768 - INFO - Data processing completed successfully
2025-09-06 08:16:55,768 - INFO - Running modeling pipeline...
2025-09-06 08:16:56,272 - INFO - Failed to extract font properties from /usr/share/fonts/truetype/noto/NotoColorEmoji.ttf: In FT2Font: Can not load face (unknown file format; error code 0x2)
2025-09-06 08:16:57,190 - INFO - generated new fontManager
2025-09-06 08:17:01,765 - INFO - Modeling completed successfully
2025-09-06 08:17:01,766 - INFO - Found 10 newly generated files
2025-09-06 08:17:01,767 - INFO - Execution report saved: /home/runner/work/AAAA-LOreal-Datathon-2025/AAAA-LOreal-Datathon-2025/data/interim/pipeline_execution_20250906_081654.json
2025-09-06 08:17:01,767 - INFO - ============================================================
2025-09-06 08:17:01,767 - INFO - PIPELINE EXECUTION COMPLETED SUCCESSFULLY
2025-09-06 08:17:01,767 - INFO - Generated 10 files
2025-09-06 08:17:01,767 - INFO - Execution time: 7.6 seconds
2025-09-06 08:17:01,767 - INFO - ============================================================
2025-09-06 08:18:16,747 - INFO - ============================================================
2025-09-06 08:18:16,747 - INFO - STARTING PIPELINE EXECUTION
2025-09-06 08:18:16,747 - INFO - ============================================================
2025-09-06 08:18:16,747 - INFO - Checking prerequisites...
2025-09-06 08:18:17,064 - INFO - Core dependencies available
2025-09-06 08:18:17,064 - INFO - Prerequisites check passed
2025-09-06 08:18:17,065 - INFO - Running data ingestion...
2025-09-06 08:18:17,568 - INFO - Data ingestion completed successfully
2025-09-06 08:18:17,568 - INFO - Running data processing and feature engineering...
2025-09-06 08:18:21,826 - INFO - Data processing completed successfully
2025-09-06 08:18:21,827 - INFO - Running modeling pipeline...
2025-09-06 08:18:39,425 - INFO - Modeling completed successfully
2025-09-06 08:18:39,426 - INFO - Found 32 newly generated files
2025-09-06 08:18:39,427 - INFO - Execution report saved: /home/runner/work/AAAA-LOreal-Datathon-2025/AAAA-LOreal-Datathon-2025/data/interim/pipeline_execution_20250906_081816.json
2025-09-06 08:18:39,427 - INFO - ============================================================
2025-09-06 08:18:39,427 - INFO - PIPELINE EXECUTION COMPLETED SUCCESSFULLY
2025-09-06 08:18:39,428 - INFO - Generated 32 files
2025-09-06 08:18:39,428 - INFO - Execution time: 22.7 seconds
2025-09-06 08:18:39,428 - INFO - ============================================================
